<?xml version="1.0" encoding="utf-8"?>
<!DOCTYPE hibernate-configuration PUBLIC
	"-//Hibernate/Hibernate Configuration DTD 3.0//EN"
	"http://hibernate.sourceforge.net/hibernate-configuration-3.0.dtd">

<hibernate-configuration>
	<session-factory>
		<mapping resource="AppointmentService.hbm.xml"/>
		<mapping resource="Speciality.hbm.xml"/>
		<mapping resource="ServiceWeeklyAvailability.hbm.xml"/>
		<mapping resource="Appointment.hbm.xml"/>
		<mapping resource="AppointmentServiceType.hbm.xml"/>
		<mapping resource="AppointmentAudit.hbm.xml"/>
	</session-factory>
</hibernate-configuration>
